<?xml version="1.0" encoding="UTF-8"?>
<mxGraphModel dx="422" dy="661" grid="1" gridSize="10" guides="1" tooltips="1" connect="1" arrows="1" fold="1" page="1" pageScale="1" pageWidth="850" pageHeight="1100" math="0" shadow="0">
	<root>
		<mxCell id="0"/>
		<mxCell id="1" parent="0"/>
		<UserObject label="" link="#Main_Page" id="2">
			<mxCell style="rounded=0;whiteSpace=wrap;html=1;" vertex="1" parent="1">
				<mxGeometry x="70" y="300" width="180" height="60" as="geometry"/>
			</mxCell>
		</UserObject>
		<UserObject label="" link="#Special:Version" id="3">
			<mxCell style="ellipse;whiteSpace=wrap;html=1;aspect=fixed;" vertex="1" parent="1">
				<mxGeometry x="170" y="380" width="80" height="80" as="geometry"/>
			</mxCell>
		</UserObject>
		<UserObject label="" link="https://wiki.company.local" id="4">
			<mxCell style="shape=dataStorage;whiteSpace=wrap;html=1;fixedSize=1;" vertex="1" parent="1">
				<mxGeometry x="70" y="380" width="100" height="80" as="geometry"/>
			</mxCell>
		</UserObject>
	</root>
</mxGraphModel>