<?xml version="1.0" encoding="UTF-8"?>
<mxGraphModel arrows="1" connect="1" dx="634" dy="661" fold="1" grid="1" gridSize="10" guides="1" math="0" page="1" pageHeight="1100" pageScale="1" pageWidth="850" shadow="0" tooltips="1">
	<root>
		<mxCell id="0"/>
		<mxCell id="1" parent="0"/>
		<UserObject id="2" label="" link="#Main_Page">
			<mxCell parent="1" style="rounded=0;whiteSpace=wrap;html=1;" vertex="1">
				<mxGeometry as="geometry" height="60" width="180" x="70" y="300"/>
			</mxCell>
		</UserObject>
		<UserObject id="3" label="" link="#Special:Version">
			<mxCell parent="1" style="ellipse;whiteSpace=wrap;html=1;aspect=fixed;" vertex="1">
				<mxGeometry as="geometry" height="80" width="80" x="170" y="380"/>
			</mxCell>
		</UserObject>
		<UserObject id="4" label="" link="https://wiki.company.local">
			<mxCell parent="1" style="shape=dataStorage;whiteSpace=wrap;html=1;fixedSize=1;" vertex="1">
				<mxGeometry as="geometry" height="80" width="100" x="70" y="380"/>
			</mxCell>
		</UserObject>
	</root>
</mxGraphModel>
